<?xml version="1.0" encoding="UTF-8"?>
<!-- Generated by org.testng.reporters.JUnitReportReporter -->
<testsuite hostname="Milvik" name="com.bimaone.application.callEntry.CallEntry" tests="1" failures="0" timestamp="18 Dec 2017 05:56:58 GMT" time="125.464" errors="0">
  <testcase name="callentryTCs" time="125.464" classname="com.bimaone.application.callEntry.CallEntry"/>
</testsuite> <!-- com.bimaone.application.callEntry.CallEntry -->
