<?xml version="1.0" encoding="UTF-8"?>
<!-- Generated by org.testng.reporters.JUnitReportReporter -->
<testsuite hostname="Milvik" name="com.bimaone.application.welcomecall.WelcomeCall" tests="1" failures="0" timestamp="14 Dec 2017 07:19:28 GMT" time="9.102" errors="0">
  <testcase name="callentryTCs" time="9.102" classname="com.bimaone.application.welcomecall.WelcomeCall"/>
</testsuite> <!-- com.bimaone.application.welcomecall.WelcomeCall -->
