<?xml version="1.0" encoding="UTF-8"?>
<!-- Generated by org.testng.reporters.JUnitReportReporter -->
<testsuite hostname="Milvik" name="com.bimaone.application.pendingconsultation.PendingConsultation" tests="1" failures="0" timestamp="18 Dec 2017 05:56:58 GMT" time="260.344" errors="0">
  <testcase name="callentryTCs" time="260.344" classname="com.bimaone.application.pendingconsultation.PendingConsultation"/>
</testsuite> <!-- com.bimaone.application.pendingconsultation.PendingConsultation -->
