<?xml version="1.0" encoding="UTF-8"?>
<!-- Generated by org.testng.reporters.JUnitReportReporter -->
<testsuite hostname="Milvik" name="com.bimaone.application.welcomecall.WelcomeCall" tests="1" failures="0" timestamp="18 Dec 2017 05:56:58 GMT" time="37.501" errors="0">
  <testcase name="callentryTCs" time="37.501" classname="com.bimaone.application.welcomecall.WelcomeCall"/>
</testsuite> <!-- com.bimaone.application.welcomecall.WelcomeCall -->
