<?xml version="1.0" encoding="UTF-8"?>
<!-- Generated by org.testng.reporters.JUnitReportReporter -->
<testsuite hostname="Milvik" name="com.bimaone.application.login.Login" tests="1" failures="0" timestamp="18 Dec 2017 05:56:58 GMT" time="14.311" errors="0">
  <testcase name="callLoginTCs" time="14.311" classname="com.bimaone.application.login.Login"/>
</testsuite> <!-- com.bimaone.application.login.Login -->
